# JRE version: Java(TM) SE Runtime Environment (8.0_181-b13) (build 1.8.0_181-b13)
# Java VM: Dynamic Code Evolution 64-Bit Server VM (25.71-b01-dcevmlight-26 mixed mode windows-amd64 compressed oops)
Heap:
 def new generation   total 3136K, used 2696K [0x00000006c3600000, 0x00000006c3960000, 0x0000000717950000)
  eden space 2816K,  95% used [0x00000006c3600000, 0x00000006c38a2318, 0x00000006c38c0000)
  from space 320K,   0% used [0x00000006c38c0000, 0x00000006c38c0000, 0x00000006c3910000)
  to   space 320K,  26% used [0x00000006c3910000, 0x00000006c3924d20, 0x00000006c3960000)
 tenured generation   total 6848K, used 6847K [0x0000000717950000, 0x0000000718000000, 0x00000007c0000000)
   the space 6848K,  99% used [0x0000000717950000, 0x0000000717ffffb0, 0x0000000718000000, 0x0000000718000000)
 Metaspace       used 7959K, capacity 8500K, committed 8704K, reserved 1056768K
  class space    used 970K, capacity 1008K, committed 1024K, reserved 1048576K
GC Heap History (10 events):
Event: 0.473 GC heap before
{Heap before GC invocations=5 (full 0):
 def new generation   total 2432K, used 2431K [0x00000006c3600000, 0x00000006c38a0000, 0x0000000717950000)
  eden space 2176K, 100% used [0x00000006c3600000, 0x00000006c3820000, 0x00000006c3820000)
  from space 256K,  99% used [0x00000006c3860000, 0x00000006c389fff8, 0x00000006c38a0000)
  to   space 256K,   0% used [0x00000006c3820000, 0x00000006c3820000, 0x00000006c3860000)
 tenured generation   total 5504K, used 1376K [0x0000000717950000, 0x0000000717eb0000, 0x00000007c0000000)
   the space 5504K,  25% used [0x0000000717950000, 0x0000000717aa8050, 0x0000000717aa8200, 0x0000000717eb0000)
 Metaspace       used 7693K, capacity 8372K, committed 8448K, reserved 1056768K
  class space    used 959K, capacity 1008K, committed 1024K, reserved 1048576K
Event: 0.475 GC heap after
Heap after GC invocations=6 (full 0):
 def new generation   total 2432K, used 256K [0x00000006c3600000, 0x00000006c38a0000, 0x0000000717950000)
  eden space 2176K,   0% used [0x00000006c3600000, 0x00000006c3600000, 0x00000006c3820000)
  from space 256K, 100% used [0x00000006c3820000, 0x00000006c3860000, 0x00000006c3860000)
  to   space 256K,   0% used [0x00000006c3860000, 0x00000006c3860000, 0x00000006c38a0000)
 tenured generation   total 5504K, used 1796K [0x0000000717950000, 0x0000000717eb0000, 0x00000007c0000000)
   the space 5504K,  32% used [0x0000000717950000, 0x0000000717b11310, 0x0000000717b11400, 0x0000000717eb0000)
 Metaspace       used 7693K, capacity 8372K, committed 8448K, reserved 1056768K
  class space    used 959K, capacity 1008K, committed 1024K, reserved 1048576K
}
Event: 0.530 GC heap before
{Heap before GC invocations=6 (full 0):
 def new generation   total 2432K, used 2432K [0x00000006c3600000, 0x00000006c38a0000, 0x0000000717950000)
  eden space 2176K, 100% used [0x00000006c3600000, 0x00000006c3820000, 0x00000006c3820000)
  from space 256K, 100% used [0x00000006c3820000, 0x00000006c3860000, 0x00000006c3860000)
  to   space 256K,   0% used [0x00000006c3860000, 0x00000006c3860000, 0x00000006c38a0000)
 tenured generation   total 5504K, used 1796K [0x0000000717950000, 0x0000000717eb0000, 0x00000007c0000000)
   the space 5504K,  32% used [0x0000000717950000, 0x0000000717b11310, 0x0000000717b11400, 0x0000000717eb0000)
 Metaspace       used 7827K, capacity 8436K, committed 8704K, reserved 1056768K
  class space    used 960K, capacity 1008K, committed 1024K, reserved 1048576K
Event: 0.533 GC heap after
Heap after GC invocations=7 (full 0):
 def new generation   total 2432K, used 256K [0x00000006c3600000, 0x00000006c38a0000, 0x0000000717950000)
  eden space 2176K,   0% used [0x00000006c3600000, 0x00000006c3600000, 0x00000006c3820000)
  from space 256K, 100% used [0x00000006c3860000, 0x00000006c38a0000, 0x00000006c38a0000)
  to   space 256K,   0% used [0x00000006c3820000, 0x00000006c3820000, 0x00000006c3860000)
 tenured generation   total 5504K, used 2383K [0x0000000717950000, 0x0000000717eb0000, 0x00000007c0000000)
   the space 5504K,  43% used [0x0000000717950000, 0x0000000717ba3c20, 0x0000000717ba3e00, 0x0000000717eb0000)
 Metaspace       used 7827K, capacity 8436K, committed 8704K, reserved 1056768K
  class space    used 960K, capacity 1008K, committed 1024K, reserved 1048576K
}
Event: 0.574 GC heap before
{Heap before GC invocations=7 (full 0):
 def new generation   total 2432K, used 1237K [0x00000006c3600000, 0x00000006c38a0000, 0x0000000717950000)
  eden space 2176K,  45% used [0x00000006c3600000, 0x00000006c36f54d0, 0x00000006c3820000)
  from space 256K, 100% used [0x00000006c3860000, 0x00000006c38a0000, 0x00000006c38a0000)
  to   space 256K,   0% used [0x00000006c3820000, 0x00000006c3820000, 0x00000006c3860000)
 tenured generation   total 5504K, used 2383K [0x0000000717950000, 0x0000000717eb0000, 0x00000007c0000000)
   the space 5504K,  43% used [0x0000000717950000, 0x0000000717ba3c20, 0x0000000717ba3e00, 0x0000000717eb0000)
 Metaspace       used 7938K, capacity 8500K, committed 8704K, reserved 1056768K
  class space    used 969K, capacity 1008K, committed 1024K, reserved 1048576K
Event: 0.576 GC heap after
Heap after GC invocations=8 (full 0):
 def new generation   total 2432K, used 255K [0x00000006c3600000, 0x00000006c38a0000, 0x0000000717950000)
  eden space 2176K,   0% used [0x00000006c3600000, 0x00000006c3600000, 0x00000006c3820000)
  from space 256K,  99% used [0x00000006c3820000, 0x00000006c385fff8, 0x00000006c3860000)
  to   space 256K,   0% used [0x00000006c3860000, 0x00000006c3860000, 0x00000006c38a0000)
 tenured generation   total 5504K, used 2816K [0x0000000717950000, 0x0000000717eb0000, 0x00000007c0000000)
   the space 5504K,  51% used [0x0000000717950000, 0x0000000717c102c8, 0x0000000717c10400, 0x0000000717eb0000)
 Metaspace       used 7938K, capacity 8500K, committed 8704K, reserved 1056768K
  class space    used 969K, capacity 1008K, committed 1024K, reserved 1048576K
}
Event: 0.581 GC heap before
{Heap before GC invocations=8 (full 0):
 def new generation   total 2432K, used 2431K [0x00000006c3600000, 0x00000006c38a0000, 0x0000000717950000)
  eden space 2176K, 100% used [0x00000006c3600000, 0x00000006c3820000, 0x00000006c3820000)
  from space 256K,  99% used [0x00000006c3820000, 0x00000006c385fff8, 0x00000006c3860000)
  to   space 256K,   0% used [0x00000006c3860000, 0x00000006c3860000, 0x00000006c38a0000)
 tenured generation   total 5504K, used 2816K [0x0000000717950000, 0x0000000717eb0000, 0x00000007c0000000)
   the space 5504K,  51% used [0x0000000717950000, 0x0000000717c102c8, 0x0000000717c10400, 0x0000000717eb0000)
 Metaspace       used 7945K, capacity 8500K, committed 8704K, reserved 1056768K
  class space    used 969K, capacity 1008K, committed 1024K, reserved 1048576K
Event: 0.584 GC heap after
Heap after GC invocations=9 (full 0):
 def new generation   total 2432K, used 255K [0x00000006c3600000, 0x00000006c38a0000, 0x0000000717950000)
  eden space 2176K,   0% used [0x00000006c3600000, 0x00000006c3600000, 0x00000006c3820000)
  from space 256K,  99% used [0x00000006c3860000, 0x00000006c389fff8, 0x00000006c38a0000)
  to   space 256K,   0% used [0x00000006c3820000, 0x00000006c3820000, 0x00000006c3860000)
 tenured generation   total 5504K, used 4870K [0x0000000717950000, 0x0000000717eb0000, 0x00000007c0000000)
   the space 5504K,  88% used [0x0000000717950000, 0x0000000717e11ae8, 0x0000000717e11c00, 0x0000000717eb0000)
 Metaspace       used 7945K, capacity 8500K, committed 8704K, reserved 1056768K
  class space    used 969K, capacity 1008K, committed 1024K, reserved 1048576K
}
Event: 0.594 GC heap before
{Heap before GC invocations=9 (full 0):
 def new generation   total 2432K, used 2431K [0x00000006c3600000, 0x00000006c38a0000, 0x0000000717950000)
  eden space 2176K, 100% used [0x00000006c3600000, 0x00000006c3820000, 0x00000006c3820000)
  from space 256K,  99% used [0x00000006c3860000, 0x00000006c389fff8, 0x00000006c38a0000)
  to   space 256K,   0% used [0x00000006c3820000, 0x00000006c3820000, 0x00000006c3860000)
 tenured generation   total 5504K, used 4870K [0x0000000717950000, 0x0000000717eb0000, 0x00000007c0000000)
   the space 5504K,  88% used [0x0000000717950000, 0x0000000717e11ae8, 0x0000000717e11c00, 0x0000000717eb0000)
 Metaspace       used 7946K, capacity 8500K, committed 8704K, reserved 1056768K
  class space    used 969K, capacity 1008K, committed 1024K, reserved 1048576K
Event: 0.609 GC heap after
Heap after GC invocations=10 (full 1):
 def new generation   total 3136K, used 181K [0x00000006c3600000, 0x00000006c3960000, 0x0000000717950000)
  eden space 2816K,   6% used [0x00000006c3600000, 0x00000006c362d728, 0x00000006c38c0000)
  from space 320K,   0% used [0x00000006c38c0000, 0x00000006c38c0000, 0x00000006c3910000)
  to   space 320K,   0% used [0x00000006c3910000, 0x00000006c3910000, 0x00000006c3960000)
 tenured generation   total 6848K, used 6847K [0x0000000717950000, 0x0000000718000000, 0x00000007c0000000)
   the space 6848K,  99% used [0x0000000717950000, 0x0000000717ffffb0, 0x0000000718000000, 0x0000000718000000)
 Metaspace       used 7946K, capacity 8500K, committed 8704K, reserved 1056768K
  class space    used 969K, capacity 1008K, committed 1024K, reserved 1048576K
}

