# JRE version: Java(TM) SE Runtime Environment (8.0_181-b13) (build 1.8.0_181-b13)
# Java VM: Dynamic Code Evolution 64-Bit Server VM (25.71-b01-dcevmlight-26 mixed mode windows-amd64 compressed oops)
Heap:
 def new generation   total 78016K, used 51014K [0x00000006c3600000, 0x00000006c8aa0000, 0x0000000717950000)
  eden space 69376K,  64% used [0x00000006c3600000, 0x00000006c61b4d80, 0x00000006c79c0000)
  from space 8640K,  72% used [0x00000006c8230000, 0x00000006c884cba8, 0x00000006c8aa0000)
  to   space 8640K,   0% used [0x00000006c79c0000, 0x00000006c79c0000, 0x00000006c8230000)
 tenured generation   total 173440K, used 11716K [0x0000000717950000, 0x00000007222b0000, 0x00000007c0000000)
   the space 173440K,   6% used [0x0000000717950000, 0x00000007184c10e8, 0x00000007184c1200, 0x00000007222b0000)
 Metaspace       used 20458K, capacity 21012K, committed 21296K, reserved 1069056K
  class space    used 2439K, capacity 2598K, committed 2688K, reserved 1048576K
GC Heap History (6 events):
Event: 1.677 GC heap before
{Heap before GC invocations=0 (full 0):
 def new generation   total 78016K, used 69376K [0x00000006c3600000, 0x00000006c8aa0000, 0x0000000717950000)
  eden space 69376K, 100% used [0x00000006c3600000, 0x00000006c79c0000, 0x00000006c79c0000)
  from space 8640K,   0% used [0x00000006c79c0000, 0x00000006c79c0000, 0x00000006c8230000)
  to   space 8640K,   0% used [0x00000006c8230000, 0x00000006c8230000, 0x00000006c8aa0000)
 tenured generation   total 173440K, used 0K [0x0000000717950000, 0x00000007222b0000, 0x00000007c0000000)
   the space 173440K,   0% used [0x0000000717950000, 0x0000000717950000, 0x0000000717950200, 0x00000007222b0000)
 Metaspace       used 12250K, capacity 12462K, committed 12672K, reserved 1060864K
  class space    used 1529K, capacity 1638K, committed 1664K, reserved 1048576K
Event: 1.691 GC heap after
Heap after GC invocations=1 (full 0):
 def new generation   total 78016K, used 8640K [0x00000006c3600000, 0x00000006c8aa0000, 0x0000000717950000)
  eden space 69376K,   0% used [0x00000006c3600000, 0x00000006c3600000, 0x00000006c79c0000)
  from space 8640K, 100% used [0x00000006c8230000, 0x00000006c8aa0000, 0x00000006c8aa0000)
  to   space 8640K,   0% used [0x00000006c79c0000, 0x00000006c79c0000, 0x00000006c8230000)
 tenured generation   total 173440K, used 1063K [0x0000000717950000, 0x00000007222b0000, 0x00000007c0000000)
   the space 173440K,   0% used [0x0000000717950000, 0x0000000717a59fc8, 0x0000000717a5a000, 0x00000007222b0000)
 Metaspace       used 12250K, capacity 12462K, committed 12672K, reserved 1060864K
  class space    used 1529K, capacity 1638K, committed 1664K, reserved 1048576K
}
Event: 2.928 GC heap before
{Heap before GC invocations=1 (full 0):
 def new generation   total 78016K, used 78016K [0x00000006c3600000, 0x00000006c8aa0000, 0x0000000717950000)
  eden space 69376K, 100% used [0x00000006c3600000, 0x00000006c79c0000, 0x00000006c79c0000)
  from space 8640K, 100% used [0x00000006c8230000, 0x00000006c8aa0000, 0x00000006c8aa0000)
  to   space 8640K,   0% used [0x00000006c79c0000, 0x00000006c79c0000, 0x00000006c8230000)
 tenured generation   total 173440K, used 1063K [0x0000000717950000, 0x00000007222b0000, 0x00000007c0000000)
   the space 173440K,   0% used [0x0000000717950000, 0x0000000717a59fc8, 0x0000000717a5a000, 0x00000007222b0000)
 Metaspace       used 16441K, capacity 16742K, committed 17024K, reserved 1064960K
  class space    used 2015K, capacity 2106K, committed 2176K, reserved 1048576K
Event: 3.037 GC heap after
Heap after GC invocations=2 (full 0):
 def new generation   total 78016K, used 8640K [0x00000006c3600000, 0x00000006c8aa0000, 0x0000000717950000)
  eden space 69376K,   0% used [0x00000006c3600000, 0x00000006c3600000, 0x00000006c79c0000)
  from space 8640K, 100% used [0x00000006c79c0000, 0x00000006c8230000, 0x00000006c8230000)
  to   space 8640K,   0% used [0x00000006c8230000, 0x00000006c8230000, 0x00000006c8aa0000)
 tenured generation   total 173440K, used 5068K [0x0000000717950000, 0x00000007222b0000, 0x00000007c0000000)
   the space 173440K,   2% used [0x0000000717950000, 0x0000000717e43280, 0x0000000717e43400, 0x00000007222b0000)
 Metaspace       used 16441K, capacity 16742K, committed 17024K, reserved 1064960K
  class space    used 2015K, capacity 2106K, committed 2176K, reserved 1048576K
}
Event: 4.302 GC heap before
{Heap before GC invocations=2 (full 0):
 def new generation   total 78016K, used 78016K [0x00000006c3600000, 0x00000006c8aa0000, 0x0000000717950000)
  eden space 69376K, 100% used [0x00000006c3600000, 0x00000006c79c0000, 0x00000006c79c0000)
  from space 8640K, 100% used [0x00000006c79c0000, 0x00000006c8230000, 0x00000006c8230000)
  to   space 8640K,   0% used [0x00000006c8230000, 0x00000006c8230000, 0x00000006c8aa0000)
 tenured generation   total 173440K, used 5068K [0x0000000717950000, 0x00000007222b0000, 0x00000007c0000000)
   the space 173440K,   2% used [0x0000000717950000, 0x0000000717e43280, 0x0000000717e43400, 0x00000007222b0000)
 Metaspace       used 17874K, capacity 18376K, committed 18688K, reserved 1064960K
  class space    used 2139K, capacity 2281K, committed 2304K, reserved 1048576K
Event: 4.321 GC heap after
Heap after GC invocations=3 (full 0):
 def new generation   total 78016K, used 6258K [0x00000006c3600000, 0x00000006c8aa0000, 0x0000000717950000)
  eden space 69376K,   0% used [0x00000006c3600000, 0x00000006c3600000, 0x00000006c79c0000)
  from space 8640K,  72% used [0x00000006c8230000, 0x00000006c884cba8, 0x00000006c8aa0000)
  to   space 8640K,   0% used [0x00000006c79c0000, 0x00000006c79c0000, 0x00000006c8230000)
 tenured generation   total 173440K, used 11716K [0x0000000717950000, 0x00000007222b0000, 0x00000007c0000000)
   the space 173440K,   6% used [0x0000000717950000, 0x00000007184c10e8, 0x00000007184c1200, 0x00000007222b0000)
 Metaspace       used 17874K, capacity 18376K, committed 18688K, reserved 1064960K
  class space    used 2139K, capacity 2281K, committed 2304K, reserved 1048576K
}

