# JRE version: Java(TM) SE Runtime Environment (8.0_181-b13) (build 1.8.0_181-b13)
# Java VM: Dynamic Code Evolution 64-Bit Server VM (25.71-b01-dcevmlight-26 mixed mode windows-amd64 compressed oops)
Heap:
 def new generation   total 78144K, used 48130K [0x00000006c3600000, 0x00000006c8ac0000, 0x0000000717950000)
  eden space 69504K,  69% used [0x00000006c3600000, 0x00000006c6500930, 0x00000006c79e0000)
  from space 8640K,   0% used [0x00000006c79e0000, 0x00000006c79e0000, 0x00000006c8250000)
  to   space 8640K,   0% used [0x00000006c8250000, 0x00000006c8250000, 0x00000006c8ac0000)
 tenured generation   total 173440K, used 24169K [0x0000000717950000, 0x00000007222b0000, 0x00000007c0000000)
   the space 173440K,  13% used [0x0000000717950000, 0x00000007190ea4b8, 0x00000007190ea600, 0x00000007222b0000)
 Metaspace       used 20943K, capacity 21472K, committed 21808K, reserved 1069056K
  class space    used 2489K, capacity 2664K, committed 2688K, reserved 1048576K
GC Heap History (8 events):
Event: 1.718 GC heap before
{Heap before GC invocations=0 (full 0):
 def new generation   total 78016K, used 69376K [0x00000006c3600000, 0x00000006c8aa0000, 0x0000000717950000)
  eden space 69376K, 100% used [0x00000006c3600000, 0x00000006c79c0000, 0x00000006c79c0000)
  from space 8640K,   0% used [0x00000006c79c0000, 0x00000006c79c0000, 0x00000006c8230000)
  to   space 8640K,   0% used [0x00000006c8230000, 0x00000006c8230000, 0x00000006c8aa0000)
 tenured generation   total 173440K, used 0K [0x0000000717950000, 0x00000007222b0000, 0x00000007c0000000)
   the space 173440K,   0% used [0x0000000717950000, 0x0000000717950000, 0x0000000717950200, 0x00000007222b0000)
 Metaspace       used 12260K, capacity 12462K, committed 12672K, reserved 1060864K
  class space    used 1530K, capacity 1638K, committed 1664K, reserved 1048576K
Event: 1.730 GC heap after
Heap after GC invocations=1 (full 0):
 def new generation   total 78016K, used 8640K [0x00000006c3600000, 0x00000006c8aa0000, 0x0000000717950000)
  eden space 69376K,   0% used [0x00000006c3600000, 0x00000006c3600000, 0x00000006c79c0000)
  from space 8640K, 100% used [0x00000006c8230000, 0x00000006c8aa0000, 0x00000006c8aa0000)
  to   space 8640K,   0% used [0x00000006c79c0000, 0x00000006c79c0000, 0x00000006c8230000)
 tenured generation   total 173440K, used 1069K [0x0000000717950000, 0x00000007222b0000, 0x00000007c0000000)
   the space 173440K,   0% used [0x0000000717950000, 0x0000000717a5b5b0, 0x0000000717a5b600, 0x00000007222b0000)
 Metaspace       used 12260K, capacity 12462K, committed 12672K, reserved 1060864K
  class space    used 1530K, capacity 1638K, committed 1664K, reserved 1048576K
}
Event: 2.893 GC heap before
{Heap before GC invocations=1 (full 0):
 def new generation   total 78016K, used 78016K [0x00000006c3600000, 0x00000006c8aa0000, 0x0000000717950000)
  eden space 69376K, 100% used [0x00000006c3600000, 0x00000006c79c0000, 0x00000006c79c0000)
  from space 8640K, 100% used [0x00000006c8230000, 0x00000006c8aa0000, 0x00000006c8aa0000)
  to   space 8640K,   0% used [0x00000006c79c0000, 0x00000006c79c0000, 0x00000006c8230000)
 tenured generation   total 173440K, used 1069K [0x0000000717950000, 0x00000007222b0000, 0x00000007c0000000)
   the space 173440K,   0% used [0x0000000717950000, 0x0000000717a5b5b0, 0x0000000717a5b600, 0x00000007222b0000)
 Metaspace       used 16447K, capacity 16742K, committed 17024K, reserved 1064960K
  class space    used 2015K, capacity 2106K, committed 2176K, reserved 1048576K
Event: 2.955 GC heap after
Heap after GC invocations=2 (full 0):
 def new generation   total 78016K, used 8639K [0x00000006c3600000, 0x00000006c8aa0000, 0x0000000717950000)
  eden space 69376K,   0% used [0x00000006c3600000, 0x00000006c3600000, 0x00000006c79c0000)
  from space 8640K,  99% used [0x00000006c79c0000, 0x00000006c822fff8, 0x00000006c8230000)
  to   space 8640K,   0% used [0x00000006c8230000, 0x00000006c8230000, 0x00000006c8aa0000)
 tenured generation   total 173440K, used 5075K [0x0000000717950000, 0x00000007222b0000, 0x00000007c0000000)
   the space 173440K,   2% used [0x0000000717950000, 0x0000000717e44c10, 0x0000000717e44e00, 0x00000007222b0000)
 Metaspace       used 16447K, capacity 16742K, committed 17024K, reserved 1064960K
  class space    used 2015K, capacity 2106K, committed 2176K, reserved 1048576K
}
Event: 4.216 GC heap before
{Heap before GC invocations=2 (full 0):
 def new generation   total 78016K, used 78015K [0x00000006c3600000, 0x00000006c8aa0000, 0x0000000717950000)
  eden space 69376K, 100% used [0x00000006c3600000, 0x00000006c79c0000, 0x00000006c79c0000)
  from space 8640K,  99% used [0x00000006c79c0000, 0x00000006c822fff8, 0x00000006c8230000)
  to   space 8640K,   0% used [0x00000006c8230000, 0x00000006c8230000, 0x00000006c8aa0000)
 tenured generation   total 173440K, used 5075K [0x0000000717950000, 0x00000007222b0000, 0x00000007c0000000)
   the space 173440K,   2% used [0x0000000717950000, 0x0000000717e44c10, 0x0000000717e44e00, 0x00000007222b0000)
 Metaspace       used 17899K, capacity 18376K, committed 18688K, reserved 1064960K
  class space    used 2139K, capacity 2281K, committed 2304K, reserved 1048576K
Event: 4.256 GC heap after
Heap after GC invocations=3 (full 0):
 def new generation   total 78016K, used 6129K [0x00000006c3600000, 0x00000006c8aa0000, 0x0000000717950000)
  eden space 69376K,   0% used [0x00000006c3600000, 0x00000006c3600000, 0x00000006c79c0000)
  from space 8640K,  70% used [0x00000006c8230000, 0x00000006c882c778, 0x00000006c8aa0000)
  to   space 8640K,   0% used [0x00000006c79c0000, 0x00000006c79c0000, 0x00000006c8230000)
 tenured generation   total 173440K, used 11722K [0x0000000717950000, 0x00000007222b0000, 0x00000007c0000000)
   the space 173440K,   6% used [0x0000000717950000, 0x00000007184c2908, 0x00000007184c2a00, 0x00000007222b0000)
 Metaspace       used 17899K, capacity 18376K, committed 18688K, reserved 1064960K
  class space    used 2139K, capacity 2281K, committed 2304K, reserved 1048576K
}
Event: 5.360 GC heap before
{Heap before GC invocations=3 (full 0):
 def new generation   total 78016K, used 55635K [0x00000006c3600000, 0x00000006c8aa0000, 0x0000000717950000)
  eden space 69376K,  71% used [0x00000006c3600000, 0x00000006c66587f8, 0x00000006c79c0000)
  from space 8640K,  70% used [0x00000006c8230000, 0x00000006c882c778, 0x00000006c8aa0000)
  to   space 8640K,   0% used [0x00000006c79c0000, 0x00000006c79c0000, 0x00000006c8230000)
 tenured generation   total 173440K, used 11722K [0x0000000717950000, 0x00000007222b0000, 0x00000007c0000000)
   the space 173440K,   6% used [0x0000000717950000, 0x00000007184c2908, 0x00000007184c2a00, 0x00000007222b0000)
 Metaspace       used 20569K, capacity 21108K, committed 21296K, reserved 1069056K
  class space    used 2457K, capacity 2630K, committed 2688K, reserved 1048576K
Event: 5.512 GC heap after
Heap after GC invocations=4 (full 1):
 def new generation   total 78144K, used 0K [0x00000006c3600000, 0x00000006c8ac0000, 0x0000000717950000)
  eden space 69504K,   0% used [0x00000006c3600000, 0x00000006c3600000, 0x00000006c79e0000)
  from space 8640K,   0% used [0x00000006c79e0000, 0x00000006c79e0000, 0x00000006c8250000)
  to   space 8640K,   0% used [0x00000006c8250000, 0x00000006c8250000, 0x00000006c8ac0000)
 tenured generation   total 173440K, used 24169K [0x0000000717950000, 0x00000007222b0000, 0x00000007c0000000)
   the space 173440K,  13% used [0x0000000717950000, 0x00000007190ea4b8, 0x00000007190ea600, 0x00000007222b0000)
 Metaspace       used 20569K, capacity 21108K, committed 21296K, reserved 1069056K
  class space    used 2457K, capacity 2630K, committed 2688K, reserved 1048576K
}

